Added Component: Designator=1(LED 7 THANH X 1.8INCH)
Add component (AddParameter): Name = "Value"; Value = "LED 7S SEG"; VariantName = "[No Variations]"
Added Component: Designator=2(LED 7 THANH X 1.8INCH)
Add component (AddParameter): Name = "Value"; Value = "LED 7S SEG"; VariantName = "[No Variations]"
Added Component: Designator=3(LED 7 THANH X 1.8INCH)
Add component (AddParameter): Name = "Value"; Value = "LED 7S SEG"; VariantName = "[No Variations]"
Added Component: Designator=7SEG1(LED 7 THANH X 1.8INCH)
Add component (AddParameter): Name = "Value"; Value = "LED 7S SEG"; VariantName = "[No Variations]"
Added Pin To Net: NetName=Net1_1 Pin=1-1
Added Pin To Net: NetName=Net1_2 Pin=1-2
Added Pin To Net: NetName=Net1_3 Pin=1-3
Added Pin To Net: NetName=Net1_4 Pin=1-4
Added Pin To Net: NetName=Net1_1 Pin=1-5
Added Pin To Net: NetName=Net1_2 Pin=1-6
Added Pin To Net: NetName=Net1_2 Pin=1-7
Added Pin To Net: NetName=Net1_8 Pin=1-8
Added Pin To Net: NetName=Net1_9 Pin=1-9
Added Pin To Net: NetName=Net1_10 Pin=1-10
Added Pin To Net: NetName=Net2_1 Pin=2-1
Added Pin To Net: NetName=Net1_2 Pin=2-2
Added Pin To Net: NetName=Net1_3 Pin=2-3
Added Pin To Net: NetName=Net1_4 Pin=2-4
Added Pin To Net: NetName=Net2_1 Pin=2-5
Added Pin To Net: NetName=Net1_2 Pin=2-6
Added Pin To Net: NetName=Net1_2 Pin=2-7
Added Pin To Net: NetName=Net1_8 Pin=2-8
Added Pin To Net: NetName=Net1_9 Pin=2-9
Added Pin To Net: NetName=Net1_10 Pin=2-10
Added Pin To Net: NetName=Net3_1 Pin=3-1
Added Pin To Net: NetName=Net1_2 Pin=3-2
Added Pin To Net: NetName=Net1_3 Pin=3-3
Added Pin To Net: NetName=Net1_4 Pin=3-4
Added Pin To Net: NetName=Net3_1 Pin=3-5
Added Pin To Net: NetName=Net1_2 Pin=3-6
Added Pin To Net: NetName=Net1_2 Pin=3-7
Added Pin To Net: NetName=Net1_8 Pin=3-8
Added Pin To Net: NetName=Net1_9 Pin=3-9
Added Pin To Net: NetName=Net1_10 Pin=3-10
Added Pin To Net: NetName=Net7SEG1_1 Pin=7SEG1-1
Added Pin To Net: NetName=Net1_2 Pin=7SEG1-2
Added Pin To Net: NetName=Net1_3 Pin=7SEG1-3
Added Pin To Net: NetName=Net1_4 Pin=7SEG1-4
Added Pin To Net: NetName=Net7SEG1_1 Pin=7SEG1-5
Added Pin To Net: NetName=Net1_2 Pin=7SEG1-6
Added Pin To Net: NetName=Net1_2 Pin=7SEG1-7
Added Pin To Net: NetName=Net1_8 Pin=7SEG1-8
Added Pin To Net: NetName=Net1_9 Pin=7SEG1-9
Added Pin To Net: NetName=Net1_10 Pin=7SEG1-10
Added Member To Class: ClassName=SCH_Bai1 Member=Component 1 Led 7 Thanh 2.3 Inch Anot
Added Member To Class: ClassName=SCH_Bai1 Member=Component 2 Led 7 Thanh 2.3 Inch Anot
Added Member To Class: ClassName=SCH_Bai1 Member=Component 3 Led 7 Thanh 2.3 Inch Anot
Added Member To Class: ClassName=SCH_Bai1 Member=Component 7SEG1 Led 7 Thanh 2.3 Inch Anot
